# JRE version: OpenJDK Runtime Environment Temurin-17.0.1+12 (17.0.1+12) (build 17.0.1+12)
# Java VM: OpenJDK 64-Bit Server VM Temurin-17.0.1+12 (17.0.1+12, mixed mode, sharing, tiered, compressed oops, compressed class ptrs, g1 gc, windows-amd64)
GC Precious Log:
 CPUs: 16 total, 16 available
 Memory: 65280M
 Large Page Support: Disabled
 NUMA Support: Disabled
 Compressed Oops: Enabled (Zero based)
 Heap Region Size: 8M
 Heap Min Capacity: 8M
 Heap Initial Capacity: 1G
 Heap Max Capacity: 16328M
 Pre-touch: Disabled
 Parallel Workers: 13
 Concurrent Workers: 3
 Concurrent Refinement Workers: 13
 Periodic GC: Disabled
Heap:
 garbage-first heap   total 114688K, used 65768K [0x0000000403800000, 0x0000000800000000)
  region size 8192K, 8 young (65536K), 1 survivors (8192K)
 Metaspace       used 37794K, committed 38272K, reserved 1089536K
  class space    used 5078K, committed 5312K, reserved 1048576K
GC Heap History (16 events):
Event: 0.615 GC heap before
{Heap before GC invocations=0 (full 0):
 garbage-first heap   total 1048576K, used 49152K [0x0000000403800000, 0x0000000800000000)
  region size 8192K, 6 young (49152K), 0 survivors (0K)
 Metaspace       used 7257K, committed 7488K, reserved 1056768K
  class space    used 829K, committed 960K, reserved 1048576K
}
Event: 0.618 GC heap after
{Heap after GC invocations=1 (full 0):
 garbage-first heap   total 1048576K, used 6064K [0x0000000403800000, 0x0000000800000000)
  region size 8192K, 1 young (8192K), 1 survivors (8192K)
 Metaspace       used 7257K, committed 7488K, reserved 1056768K
  class space    used 829K, committed 960K, reserved 1048576K
}
Event: 0.930 GC heap before
{Heap before GC invocations=1 (full 0):
 garbage-first heap   total 1048576K, used 47024K [0x0000000403800000, 0x0000000800000000)
  region size 8192K, 6 young (49152K), 1 survivors (8192K)
 Metaspace       used 11802K, committed 12032K, reserved 1064960K
  class space    used 1384K, committed 1536K, reserved 1048576K
}
Event: 0.934 GC heap after
{Heap after GC invocations=2 (full 0):
 garbage-first heap   total 1048576K, used 7277K [0x0000000403800000, 0x0000000800000000)
  region size 8192K, 1 young (8192K), 1 survivors (8192K)
 Metaspace       used 11802K, committed 12032K, reserved 1064960K
  class space    used 1384K, committed 1536K, reserved 1048576K
}
Event: 1.692 GC heap before
{Heap before GC invocations=2 (full 0):
 garbage-first heap   total 1048576K, used 89197K [0x0000000403800000, 0x0000000800000000)
  region size 8192K, 11 young (90112K), 1 survivors (8192K)
 Metaspace       used 18805K, committed 19072K, reserved 1073152K
  class space    used 2405K, committed 2560K, reserved 1048576K
}
Event: 1.695 GC heap after
{Heap after GC invocations=3 (full 0):
 garbage-first heap   total 1048576K, used 10544K [0x0000000403800000, 0x0000000800000000)
  region size 8192K, 1 young (8192K), 1 survivors (8192K)
 Metaspace       used 18805K, committed 19072K, reserved 1073152K
  class space    used 2405K, committed 2560K, reserved 1048576K
}
Event: 1.991 GC heap before
{Heap before GC invocations=3 (full 0):
 garbage-first heap   total 1048576K, used 43312K [0x0000000403800000, 0x0000000800000000)
  region size 8192K, 6 young (49152K), 1 survivors (8192K)
 Metaspace       used 21207K, committed 21504K, reserved 1073152K
  class space    used 2689K, committed 2816K, reserved 1048576K
}
Event: 1.993 GC heap after
{Heap after GC invocations=4 (full 0):
 garbage-first heap   total 1048576K, used 11212K [0x0000000403800000, 0x0000000800000000)
  region size 8192K, 1 young (8192K), 1 survivors (8192K)
 Metaspace       used 21207K, committed 21504K, reserved 1073152K
  class space    used 2689K, committed 2816K, reserved 1048576K
}
Event: 2.269 GC heap before
{Heap before GC invocations=5 (full 0):
 garbage-first heap   total 81920K, used 52172K [0x0000000403800000, 0x0000000800000000)
  region size 8192K, 7 young (57344K), 1 survivors (8192K)
 Metaspace       used 24755K, committed 25152K, reserved 1073152K
  class space    used 3067K, committed 3264K, reserved 1048576K
}
Event: 2.273 GC heap after
{Heap after GC invocations=6 (full 0):
 garbage-first heap   total 81920K, used 12109K [0x0000000403800000, 0x0000000800000000)
  region size 8192K, 1 young (8192K), 1 survivors (8192K)
 Metaspace       used 24755K, committed 25152K, reserved 1073152K
  class space    used 3067K, committed 3264K, reserved 1048576K
}
Event: 2.386 GC heap before
{Heap before GC invocations=6 (full 0):
 garbage-first heap   total 81920K, used 20301K [0x0000000403800000, 0x0000000800000000)
  region size 8192K, 2 young (16384K), 1 survivors (8192K)
 Metaspace       used 25430K, committed 25856K, reserved 1073152K
  class space    used 3172K, committed 3392K, reserved 1048576K
}
Event: 2.392 GC heap after
{Heap after GC invocations=7 (full 0):
 garbage-first heap   total 81920K, used 12760K [0x0000000403800000, 0x0000000800000000)
  region size 8192K, 1 young (8192K), 1 survivors (8192K)
 Metaspace       used 25430K, committed 25856K, reserved 1073152K
  class space    used 3172K, committed 3392K, reserved 1048576K
}
Event: 2.776 GC heap before
{Heap before GC invocations=7 (full 0):
 garbage-first heap   total 81920K, used 45528K [0x0000000403800000, 0x0000000800000000)
  region size 8192K, 5 young (40960K), 1 survivors (8192K)
 Metaspace       used 27752K, committed 28096K, reserved 1073152K
  class space    used 3426K, committed 3584K, reserved 1048576K
}
Event: 2.780 GC heap after
{Heap after GC invocations=8 (full 0):
 garbage-first heap   total 565248K, used 13812K [0x0000000403800000, 0x0000000800000000)
  region size 8192K, 1 young (8192K), 1 survivors (8192K)
 Metaspace       used 27752K, committed 28096K, reserved 1073152K
  class space    used 3426K, committed 3584K, reserved 1048576K
}
Event: 4.240 GC heap before
{Heap before GC invocations=8 (full 0):
 garbage-first heap   total 565248K, used 128500K [0x0000000403800000, 0x0000000800000000)
  region size 8192K, 16 young (131072K), 1 survivors (8192K)
 Metaspace       used 35531K, committed 35968K, reserved 1081344K
  class space    used 4714K, committed 4928K, reserved 1048576K
}
Event: 4.246 GC heap after
{Heap after GC invocations=9 (full 0):
 garbage-first heap   total 565248K, used 16616K [0x0000000403800000, 0x0000000800000000)
  region size 8192K, 1 young (8192K), 1 survivors (8192K)
 Metaspace       used 35531K, committed 35968K, reserved 1081344K
  class space    used 4714K, committed 4928K, reserved 1048576K
}

